e:\workspace\adb\release\adbwinapi.lib
e:\workspace\adb\release\adbwinapi.exp
e:\workspace\adb\adbwinapi\release\adbwinapi.pch
e:\workspace\adb\adbwinapi\release\vc120.pdb
e:\workspace\adb\adbwinapi\release\stdafx.obj
e:\workspace\adb\adbwinapi\release\adb_object_handle.obj
e:\workspace\adb\adbwinapi\release\adb_legacy_io_completion.obj
e:\workspace\adb\adbwinapi\release\adb_legacy_interface.obj
e:\workspace\adb\adbwinapi\release\adb_legacy_endpoint_object.obj
e:\workspace\adb\adbwinapi\release\adb_io_completion.obj
e:\workspace\adb\adbwinapi\release\adb_interface_enum.obj
e:\workspace\adb\adbwinapi\release\adb_interface.obj
e:\workspace\adb\adbwinapi\release\adb_helper_routines.obj
e:\workspace\adb\adbwinapi\release\adb_endpoint_object.obj
e:\workspace\adb\adbwinapi\release\adb_api_instance.obj
e:\workspace\adb\adbwinapi\release\adb_api.obj
e:\workspace\adb\adbwinapi\release\adbwinapi.obj
e:\workspace\adb\release\adbwinapi.dll
e:\workspace\adb\release\adbwinapi.pdb
e:\workspace\adb\adbwinapi\release\adbwinapi.res
e:\workspace\adb\adbwinapi\release\adbwinapi.tlog\adbwinapi.write.1u.tlog
e:\workspace\adb\adbwinapi\release\adbwinapi.tlog\cl.command.1.tlog
e:\workspace\adb\adbwinapi\release\adbwinapi.tlog\cl.read.1.tlog
e:\workspace\adb\adbwinapi\release\adbwinapi.tlog\cl.write.1.tlog
e:\workspace\adb\adbwinapi\release\adbwinapi.tlog\link.command.1.tlog
e:\workspace\adb\adbwinapi\release\adbwinapi.tlog\link.read.1.tlog
e:\workspace\adb\adbwinapi\release\adbwinapi.tlog\link.write.1.tlog
e:\workspace\adb\adbwinapi\release\adbwinapi.tlog\rc.command.1.tlog
e:\workspace\adb\adbwinapi\release\adbwinapi.tlog\rc.read.1.tlog
e:\workspace\adb\adbwinapi\release\adbwinapi.tlog\rc.write.1.tlog
