e:\workspace\adb\release\adbwinusbapi.lib
e:\workspace\adb\release\adbwinusbapi.exp
e:\workspace\adb\adbwinusbapi\release\adbwinusbapi.pch
e:\workspace\adb\adbwinusbapi\release\vc120.pdb
e:\workspace\adb\adbwinusbapi\release\stdafx.obj
e:\workspace\adb\adbwinusbapi\release\adb_winusb_io_completion.obj
e:\workspace\adb\adbwinusbapi\release\adb_winusb_interface.obj
e:\workspace\adb\adbwinusbapi\release\adb_winusb_endpoint_object.obj
e:\workspace\adb\adbwinusbapi\release\adbwinusbapi.obj
e:\workspace\adb\release\adbwinusbapi.dll
e:\workspace\adb\release\adbwinusbapi.pdb
e:\workspace\adb\adbwinusbapi\release\adbwinusbapi.res
e:\workspace\adb\adbwinusbapi\release\adbwinusbapi.tlog\adbwinusbapi.write.1u.tlog
e:\workspace\adb\adbwinusbapi\release\adbwinusbapi.tlog\cl.command.1.tlog
e:\workspace\adb\adbwinusbapi\release\adbwinusbapi.tlog\cl.read.1.tlog
e:\workspace\adb\adbwinusbapi\release\adbwinusbapi.tlog\cl.write.1.tlog
e:\workspace\adb\adbwinusbapi\release\adbwinusbapi.tlog\link.command.1.tlog
e:\workspace\adb\adbwinusbapi\release\adbwinusbapi.tlog\link.read.1.tlog
e:\workspace\adb\adbwinusbapi\release\adbwinusbapi.tlog\link.write.1.tlog
e:\workspace\adb\adbwinusbapi\release\adbwinusbapi.tlog\rc.command.1.tlog
e:\workspace\adb\adbwinusbapi\release\adbwinusbapi.tlog\rc.read.1.tlog
e:\workspace\adb\adbwinusbapi\release\adbwinusbapi.tlog\rc.write.1.tlog
