e:\workspace\adb\debug\adbwinusbapi.lib
e:\workspace\adb\debug\adbwinusbapi.exp
e:\workspace\adb\adbwinusbapi\debug\adbwinusbapi.pch
e:\workspace\adb\adbwinusbapi\debug\vc120.pdb
e:\workspace\adb\adbwinusbapi\debug\vc120.idb
e:\workspace\adb\adbwinusbapi\debug\stdafx.obj
e:\workspace\adb\adbwinusbapi\debug\adbwinusbapi.obj
e:\workspace\adb\adbwinusbapi\debug\adb_winusb_endpoint_object.obj
e:\workspace\adb\adbwinusbapi\debug\adb_winusb_interface.obj
e:\workspace\adb\adbwinusbapi\debug\adb_winusb_io_completion.obj
e:\workspace\adb\debug\adbwinusbapi.ilk
e:\workspace\adb\debug\adbwinusbapi.dll
e:\workspace\adb\debug\adbwinusbapi.pdb
e:\workspace\adb\adbwinusbapi\debug\adbwinusbapi.res
e:\workspace\adb\adbwinusbapi\debug\adbwinusbapi.tlog\adbwinusbapi.write.1u.tlog
e:\workspace\adb\adbwinusbapi\debug\adbwinusbapi.tlog\cl.command.1.tlog
e:\workspace\adb\adbwinusbapi\debug\adbwinusbapi.tlog\cl.read.1.tlog
e:\workspace\adb\adbwinusbapi\debug\adbwinusbapi.tlog\cl.write.1.tlog
e:\workspace\adb\adbwinusbapi\debug\adbwinusbapi.tlog\link.command.1.tlog
e:\workspace\adb\adbwinusbapi\debug\adbwinusbapi.tlog\link.read.1.tlog
e:\workspace\adb\adbwinusbapi\debug\adbwinusbapi.tlog\link.write.1.tlog
e:\workspace\adb\adbwinusbapi\debug\adbwinusbapi.tlog\rc.command.1.tlog
e:\workspace\adb\adbwinusbapi\debug\adbwinusbapi.tlog\rc.read.1.tlog
e:\workspace\adb\adbwinusbapi\debug\adbwinusbapi.tlog\rc.write.1.tlog
