e:\workspace\adb\debug\adbcontrol.lib
e:\workspace\adb\debug\adbcontrol.exp
e:\workspace\adb\adbcontrol\debug\adbcontrol.pch
e:\workspace\adb\adbcontrol\debug\vc120.pdb
e:\workspace\adb\adbcontrol\debug\vc120.idb
e:\workspace\adb\adbcontrol\debug\stdafx.obj
e:\workspace\adb\adbcontrol\debug\jdwp_service.obj
e:\workspace\adb\adbcontrol\debug\remount_service.obj
e:\workspace\adb\adbcontrol\debug\services.obj
e:\workspace\adb\adbcontrol\debug\sockets.obj
e:\workspace\adb\adbcontrol\debug\sysdeps_win32.obj
e:\workspace\adb\adbcontrol\debug\test_track_devices.obj
e:\workspace\adb\adbcontrol\debug\test_track_jdwp.obj
e:\workspace\adb\adbcontrol\debug\transport.obj
e:\workspace\adb\adbcontrol\debug\transport_local.obj
e:\workspace\adb\adbcontrol\debug\transport_usb.obj
e:\workspace\adb\adbcontrol\debug\usb_libusb.obj
e:\workspace\adb\adbcontrol\debug\usb_linux.obj
e:\workspace\adb\adbcontrol\debug\usb_linux_client.obj
e:\workspace\adb\adbcontrol\debug\usb_osx.obj
e:\workspace\adb\adbcontrol\debug\usb_vendors.obj
e:\workspace\adb\adbcontrol\debug\usb_windows.obj
e:\workspace\adb\adbcontrol\debug\zipfile.obj
e:\workspace\adb\adbcontrol\debug\centraldir.obj
e:\workspace\adb\adbcontrol\debug\test_zipfile.obj
e:\workspace\adb\adbcontrol\debug\adb.obj
e:\workspace\adb\adbcontrol\debug\adb_auth_client.obj
e:\workspace\adb\adbcontrol\debug\adb_auth_host.obj
e:\workspace\adb\adbcontrol\debug\adb_client.obj
e:\workspace\adb\adbcontrol\debug\backup_service.obj
e:\workspace\adb\adbcontrol\debug\commandline.obj
e:\workspace\adb\adbcontrol\debug\console.obj
e:\workspace\adb\adbcontrol\debug\fdevent.obj
e:\workspace\adb\adbcontrol\debug\file_sync_client.obj
e:\workspace\adb\adbcontrol\debug\file_sync_service.obj
e:\workspace\adb\adbcontrol\debug\framebuffer_service.obj
e:\workspace\adb\adbcontrol\debug\get_my_path_darwin.obj
e:\workspace\adb\adbcontrol\debug\get_my_path_freebsd.obj
e:\workspace\adb\adbcontrol\debug\get_my_path_linux.obj
e:\workspace\adb\adbcontrol\debug\get_my_path_windows.obj
e:\workspace\adb\debug\adbcontrol.ilk
e:\workspace\adb\debug\adbcontrol.exe
e:\workspace\adb\debug\adbcontrol.pdb
e:\workspace\adb\adbcontrol\debug\adbcontrol.tlog\adbcontrol.write.1u.tlog
e:\workspace\adb\adbcontrol\debug\adbcontrol.tlog\cl.command.1.tlog
e:\workspace\adb\adbcontrol\debug\adbcontrol.tlog\cl.read.1.tlog
e:\workspace\adb\adbcontrol\debug\adbcontrol.tlog\cl.write.1.tlog
e:\workspace\adb\adbcontrol\debug\adbcontrol.tlog\link.command.1.tlog
e:\workspace\adb\adbcontrol\debug\adbcontrol.tlog\link.read.1.tlog
e:\workspace\adb\adbcontrol\debug\adbcontrol.tlog\link.write.1.tlog
