e:\workspace\adb\debug\adbwinapi.lib
e:\workspace\adb\debug\adbwinapi.exp
e:\workspace\adb\adbwinapi\debug\adbwinapi.pch
e:\workspace\adb\adbwinapi\debug\vc120.pdb
e:\workspace\adb\adbwinapi\debug\vc120.idb
e:\workspace\adb\adbwinapi\debug\stdafx.obj
e:\workspace\adb\adbwinapi\debug\adbwinapi.obj
e:\workspace\adb\adbwinapi\debug\adb_api.obj
e:\workspace\adb\adbwinapi\debug\adb_api_instance.obj
e:\workspace\adb\adbwinapi\debug\adb_endpoint_object.obj
e:\workspace\adb\adbwinapi\debug\adb_helper_routines.obj
e:\workspace\adb\adbwinapi\debug\adb_interface.obj
e:\workspace\adb\adbwinapi\debug\adb_interface_enum.obj
e:\workspace\adb\adbwinapi\debug\adb_io_completion.obj
e:\workspace\adb\adbwinapi\debug\adb_legacy_endpoint_object.obj
e:\workspace\adb\adbwinapi\debug\adb_legacy_interface.obj
e:\workspace\adb\adbwinapi\debug\adb_legacy_io_completion.obj
e:\workspace\adb\adbwinapi\debug\adb_object_handle.obj
e:\workspace\adb\debug\adbwinapi.ilk
e:\workspace\adb\debug\adbwinapi.dll
e:\workspace\adb\debug\adbwinapi.pdb
e:\workspace\adb\adbwinapi\debug\adbwinapi.res
e:\workspace\adb\adbwinapi\debug\adbwinapi.tlog\adbwinapi.write.1u.tlog
e:\workspace\adb\adbwinapi\debug\adbwinapi.tlog\cl.command.1.tlog
e:\workspace\adb\adbwinapi\debug\adbwinapi.tlog\cl.read.1.tlog
e:\workspace\adb\adbwinapi\debug\adbwinapi.tlog\cl.write.1.tlog
e:\workspace\adb\adbwinapi\debug\adbwinapi.tlog\link.command.1.tlog
e:\workspace\adb\adbwinapi\debug\adbwinapi.tlog\link.read.1.tlog
e:\workspace\adb\adbwinapi\debug\adbwinapi.tlog\link.write.1.tlog
e:\workspace\adb\adbwinapi\debug\adbwinapi.tlog\rc.command.1.tlog
e:\workspace\adb\adbwinapi\debug\adbwinapi.tlog\rc.read.1.tlog
e:\workspace\adb\adbwinapi\debug\adbwinapi.tlog\rc.write.1.tlog
