e:\workspace\adb\release\adbcontrol.lib
e:\workspace\adb\release\adbcontrol.exp
e:\workspace\adb\adbcontrol\release\adbcontrol.pch
e:\workspace\adb\adbcontrol\release\vc120.pdb
e:\workspace\adb\adbcontrol\release\stdafx.obj
e:\workspace\adb\adbcontrol\release\sysdeps_win32.obj
e:\workspace\adb\adbcontrol\release\sockets.obj
e:\workspace\adb\adbcontrol\release\services.obj
e:\workspace\adb\adbcontrol\release\remount_service.obj
e:\workspace\adb\adbcontrol\release\jdwp_service.obj
e:\workspace\adb\adbcontrol\release\get_my_path_windows.obj
e:\workspace\adb\adbcontrol\release\get_my_path_linux.obj
e:\workspace\adb\adbcontrol\release\get_my_path_freebsd.obj
e:\workspace\adb\adbcontrol\release\get_my_path_darwin.obj
e:\workspace\adb\adbcontrol\release\framebuffer_service.obj
e:\workspace\adb\adbcontrol\release\file_sync_service.obj
e:\workspace\adb\adbcontrol\release\file_sync_client.obj
e:\workspace\adb\adbcontrol\release\fdevent.obj
e:\workspace\adb\adbcontrol\release\console.obj
e:\workspace\adb\adbcontrol\release\commandline.obj
e:\workspace\adb\adbcontrol\release\backup_service.obj
e:\workspace\adb\adbcontrol\release\adb_client.obj
e:\workspace\adb\adbcontrol\release\adb_auth_host.obj
e:\workspace\adb\adbcontrol\release\adb_auth_client.obj
e:\workspace\adb\adbcontrol\release\adb.obj
e:\workspace\adb\adbcontrol\release\zipfile.obj
e:\workspace\adb\adbcontrol\release\test_zipfile.obj
e:\workspace\adb\adbcontrol\release\centraldir.obj
e:\workspace\adb\adbcontrol\release\usb_windows.obj
e:\workspace\adb\adbcontrol\release\usb_vendors.obj
e:\workspace\adb\adbcontrol\release\usb_osx.obj
e:\workspace\adb\adbcontrol\release\usb_linux_client.obj
e:\workspace\adb\adbcontrol\release\usb_linux.obj
e:\workspace\adb\adbcontrol\release\usb_libusb.obj
e:\workspace\adb\adbcontrol\release\transport_usb.obj
e:\workspace\adb\adbcontrol\release\transport_local.obj
e:\workspace\adb\adbcontrol\release\transport.obj
e:\workspace\adb\adbcontrol\release\test_track_jdwp.obj
e:\workspace\adb\adbcontrol\release\test_track_devices.obj
e:\workspace\adb\release\adbcontrol.exe
e:\workspace\adb\release\adbcontrol.pdb
e:\workspace\adb\adbcontrol\release\adbcontrol.tlog\adbcontrol.write.1u.tlog
e:\workspace\adb\adbcontrol\release\adbcontrol.tlog\cl.command.1.tlog
e:\workspace\adb\adbcontrol\release\adbcontrol.tlog\cl.read.1.tlog
e:\workspace\adb\adbcontrol\release\adbcontrol.tlog\cl.write.1.tlog
e:\workspace\adb\adbcontrol\release\adbcontrol.tlog\link.command.1.tlog
e:\workspace\adb\adbcontrol\release\adbcontrol.tlog\link.read.1.tlog
e:\workspace\adb\adbcontrol\release\adbcontrol.tlog\link.write.1.tlog
